# JRE version: OpenJDK Runtime Environment GraalVM CE 22.3.0 (17.0.5+8) (build 17.0.5+8-jvmci-22.3-b08)
# Java VM: OpenJDK 64-Bit Server VM GraalVM CE 22.3.0 (17.0.5+8-jvmci-22.3-b08, mixed mode, sharing, tiered, jvmci, jvmci compiler, compressed oops, compressed class ptrs, parallel gc, linux-amd64)
GC Precious Log:
 CPUs: 16 total, 2 available
 Memory: 3215M
 Large Page Support: Disabled
 NUMA Support: Disabled
 Compressed Oops: Enabled (32-bit)
 Alignments: Space 512K, Generation 512K, Heap 2M
 Heap Min Capacity: 100M
 Heap Initial Capacity: 100M
 Heap Max Capacity: 512M
 Pre-touch: Disabled
 Parallel Workers: 2
Heap:
 PSYoungGen      total 33280K, used 20991K [0x00000000f5580000, 0x00000000fa000000, 0x0000000100000000)
  eden space 20992K, 99% used [0x00000000f5580000,0x00000000f69ffff8,0x00000000f6a00000)
  from space 12288K, 0% used [0x00000000f8480000,0x00000000f8480000,0x00000000f9080000)
  to   space 27136K, 0% used [0x00000000f6a00000,0x00000000f6a00000,0x00000000f8480000)
 ParOldGen       total 349696K, used 349692K [0x00000000e0000000, 0x00000000f5580000, 0x00000000f5580000)
  object space 349696K, 99% used [0x00000000e0000000,0x00000000f557f328,0x00000000f5580000)
 Metaspace       used 53806K, committed 54976K, reserved 1105920K
  class space    used 5320K, committed 5760K, reserved 1048576K
GC Heap History (20 events):
Event: 346.100 GC heap before
{Heap before GC invocations=514 (full 429):
 PSYoungGen      total 33280K, used 20992K [0x00000000f5580000, 0x00000000fa000000, 0x0000000100000000)
  eden space 20992K, 100% used [0x00000000f5580000,0x00000000f6a00000,0x00000000f6a00000)
  from space 12288K, 0% used [0x00000000f8480000,0x00000000f8480000,0x00000000f9080000)
  to   space 27136K, 0% used [0x00000000f6a00000,0x00000000f6a00000,0x00000000f8480000)
 ParOldGen       total 349696K, used 349695K [0x00000000e0000000, 0x00000000f5580000, 0x00000000f5580000)
  object space 349696K, 99% used [0x00000000e0000000,0x00000000f557ffe8,0x00000000f5580000)
 Metaspace       used 53806K, committed 54976K, reserved 1105920K
  class space    used 5320K, committed 5760K, reserved 1048576K
}
Event: 346.850 GC heap after
{Heap after GC invocations=514 (full 429):
 PSYoungGen      total 48128K, used 20990K [0x00000000f5580000, 0x00000000fa000000, 0x0000000100000000)
  eden space 20992K, 99% used [0x00000000f5580000,0x00000000f69ffbe8,0x00000000f6a00000)
  from space 27136K, 0% used [0x00000000f6a00000,0x00000000f6a00000,0x00000000f8480000)
  to   space 12288K, 0% used [0x00000000f8480000,0x00000000f8480000,0x00000000f9080000)
 ParOldGen       total 349696K, used 349694K [0x00000000e0000000, 0x00000000f5580000, 0x00000000f5580000)
  object space 349696K, 99% used [0x00000000e0000000,0x00000000f557fab8,0x00000000f5580000)
 Metaspace       used 53806K, committed 54976K, reserved 1105920K
  class space    used 5320K, committed 5760K, reserved 1048576K
}
Event: 346.851 GC heap before
{Heap before GC invocations=515 (full 430):
 PSYoungGen      total 48128K, used 20991K [0x00000000f5580000, 0x00000000fa000000, 0x0000000100000000)
  eden space 20992K, 99% used [0x00000000f5580000,0x00000000f69ffff0,0x00000000f6a00000)
  from space 27136K, 0% used [0x00000000f6a00000,0x00000000f6a00000,0x00000000f8480000)
  to   space 12288K, 0% used [0x00000000f8480000,0x00000000f8480000,0x00000000f9080000)
 ParOldGen       total 349696K, used 349694K [0x00000000e0000000, 0x00000000f5580000, 0x00000000f5580000)
  object space 349696K, 99% used [0x00000000e0000000,0x00000000f557fab8,0x00000000f5580000)
 Metaspace       used 53806K, committed 54976K, reserved 1105920K
  class space    used 5320K, committed 5760K, reserved 1048576K
}
Event: 347.464 GC heap after
{Heap after GC invocations=515 (full 430):
 PSYoungGen      total 33280K, used 20991K [0x00000000f5580000, 0x00000000fa000000, 0x0000000100000000)
  eden space 20992K, 99% used [0x00000000f5580000,0x00000000f69ffe98,0x00000000f6a00000)
  from space 12288K, 0% used [0x00000000f8480000,0x00000000f8480000,0x00000000f9080000)
  to   space 27136K, 0% used [0x00000000f6a00000,0x00000000f6a00000,0x00000000f8480000)
 ParOldGen       total 349696K, used 349694K [0x00000000e0000000, 0x00000000f5580000, 0x00000000f5580000)
  object space 349696K, 99% used [0x00000000e0000000,0x00000000f557fab8,0x00000000f5580000)
 Metaspace       used 53806K, committed 54976K, reserved 1105920K
  class space    used 5320K, committed 5760K, reserved 1048576K
}
Event: 347.465 GC heap before
{Heap before GC invocations=516 (full 431):
 PSYoungGen      total 33280K, used 20992K [0x00000000f5580000, 0x00000000fa000000, 0x0000000100000000)
  eden space 20992K, 100% used [0x00000000f5580000,0x00000000f6a00000,0x00000000f6a00000)
  from space 12288K, 0% used [0x00000000f8480000,0x00000000f8480000,0x00000000f9080000)
  to   space 27136K, 0% used [0x00000000f6a00000,0x00000000f6a00000,0x00000000f8480000)
 ParOldGen       total 349696K, used 349694K [0x00000000e0000000, 0x00000000f5580000, 0x00000000f5580000)
  object space 349696K, 99% used [0x00000000e0000000,0x00000000f557fab8,0x00000000f5580000)
 Metaspace       used 53806K, committed 54976K, reserved 1105920K
  class space    used 5320K, committed 5760K, reserved 1048576K
}
Event: 348.072 GC heap after
{Heap after GC invocations=516 (full 431):
 PSYoungGen      total 48128K, used 20991K [0x00000000f5580000, 0x00000000fa000000, 0x0000000100000000)
  eden space 20992K, 99% used [0x00000000f5580000,0x00000000f69ffe28,0x00000000f6a00000)
  from space 27136K, 0% used [0x00000000f6a00000,0x00000000f6a00000,0x00000000f8480000)
  to   space 12288K, 0% used [0x00000000f8480000,0x00000000f8480000,0x00000000f9080000)
 ParOldGen       total 349696K, used 349694K [0x00000000e0000000, 0x00000000f5580000, 0x00000000f5580000)
  object space 349696K, 99% used [0x00000000e0000000,0x00000000f557f960,0x00000000f5580000)
 Metaspace       used 53806K, committed 54976K, reserved 1105920K
  class space    used 5320K, committed 5760K, reserved 1048576K
}
Event: 348.072 GC heap before
{Heap before GC invocations=517 (full 432):
 PSYoungGen      total 48128K, used 20991K [0x00000000f5580000, 0x00000000fa000000, 0x0000000100000000)
  eden space 20992K, 99% used [0x00000000f5580000,0x00000000f69ffff8,0x00000000f6a00000)
  from space 27136K, 0% used [0x00000000f6a00000,0x00000000f6a00000,0x00000000f8480000)
  to   space 12288K, 0% used [0x00000000f8480000,0x00000000f8480000,0x00000000f9080000)
 ParOldGen       total 349696K, used 349694K [0x00000000e0000000, 0x00000000f5580000, 0x00000000f5580000)
  object space 349696K, 99% used [0x00000000e0000000,0x00000000f557f960,0x00000000f5580000)
 Metaspace       used 53806K, committed 54976K, reserved 1105920K
  class space    used 5320K, committed 5760K, reserved 1048576K
}
Event: 348.792 GC heap after
{Heap after GC invocations=517 (full 432):
 PSYoungGen      total 33280K, used 20991K [0x00000000f5580000, 0x00000000fa000000, 0x0000000100000000)
  eden space 20992K, 99% used [0x00000000f5580000,0x00000000f69fff78,0x00000000f6a00000)
  from space 12288K, 0% used [0x00000000f8480000,0x00000000f8480000,0x00000000f9080000)
  to   space 27136K, 0% used [0x00000000f6a00000,0x00000000f6a00000,0x00000000f8480000)
 ParOldGen       total 349696K, used 349694K [0x00000000e0000000, 0x00000000f5580000, 0x00000000f5580000)
  object space 349696K, 99% used [0x00000000e0000000,0x00000000f557f960,0x00000000f5580000)
 Metaspace       used 53806K, committed 54976K, reserved 1105920K
  class space    used 5320K, committed 5760K, reserved 1048576K
}
Event: 348.793 GC heap before
{Heap before GC invocations=518 (full 433):
 PSYoungGen      total 33280K, used 20991K [0x00000000f5580000, 0x00000000fa000000, 0x0000000100000000)
  eden space 20992K, 99% used [0x00000000f5580000,0x00000000f69ffff8,0x00000000f6a00000)
  from space 12288K, 0% used [0x00000000f8480000,0x00000000f8480000,0x00000000f9080000)
  to   space 27136K, 0% used [0x00000000f6a00000,0x00000000f6a00000,0x00000000f8480000)
 ParOldGen       total 349696K, used 349694K [0x00000000e0000000, 0x00000000f5580000, 0x00000000f5580000)
  object space 349696K, 99% used [0x00000000e0000000,0x00000000f557f960,0x00000000f5580000)
 Metaspace       used 53806K, committed 54976K, reserved 1105920K
  class space    used 5320K, committed 5760K, reserved 1048576K
}
Event: 349.408 GC heap after
{Heap after GC invocations=518 (full 433):
 PSYoungGen      total 48128K, used 20991K [0x00000000f5580000, 0x00000000fa000000, 0x0000000100000000)
  eden space 20992K, 99% used [0x00000000f5580000,0x00000000f69fffb8,0x00000000f6a00000)
  from space 27136K, 0% used [0x00000000f6a00000,0x00000000f6a00000,0x00000000f8480000)
  to   space 12288K, 0% used [0x00000000f8480000,0x00000000f8480000,0x00000000f9080000)
 ParOldGen       total 349696K, used 349694K [0x00000000e0000000, 0x00000000f5580000, 0x00000000f5580000)
  object space 349696K, 99% used [0x00000000e0000000,0x00000000f557f960,0x00000000f5580000)
 Metaspace       used 53806K, committed 54976K, reserved 1105920K
  class space    used 5320K, committed 5760K, reserved 1048576K
}
Event: 349.409 GC heap before
{Heap before GC invocations=519 (full 434):
 PSYoungGen      total 48128K, used 20992K [0x00000000f5580000, 0x00000000fa000000, 0x0000000100000000)
  eden space 20992K, 100% used [0x00000000f5580000,0x00000000f6a00000,0x00000000f6a00000)
  from space 27136K, 0% used [0x00000000f6a00000,0x00000000f6a00000,0x00000000f8480000)
  to   space 12288K, 0% used [0x00000000f8480000,0x00000000f8480000,0x00000000f9080000)
 ParOldGen       total 349696K, used 349694K [0x00000000e0000000, 0x00000000f5580000, 0x00000000f5580000)
  object space 349696K, 99% used [0x00000000e0000000,0x00000000f557f960,0x00000000f5580000)
 Metaspace       used 53806K, committed 54976K, reserved 1105920K
  class space    used 5320K, committed 5760K, reserved 1048576K
}
Event: 350.085 GC heap after
{Heap after GC invocations=519 (full 434):
 PSYoungGen      total 33280K, used 20991K [0x00000000f5580000, 0x00000000fa000000, 0x0000000100000000)
  eden space 20992K, 99% used [0x00000000f5580000,0x00000000f69fffe0,0x00000000f6a00000)
  from space 12288K, 0% used [0x00000000f8480000,0x00000000f8480000,0x00000000f9080000)
  to   space 27136K, 0% used [0x00000000f6a00000,0x00000000f6a00000,0x00000000f8480000)
 ParOldGen       total 349696K, used 349694K [0x00000000e0000000, 0x00000000f5580000, 0x00000000f5580000)
  object space 349696K, 99% used [0x00000000e0000000,0x00000000f557f960,0x00000000f5580000)
 Metaspace       used 53806K, committed 54976K, reserved 1105920K
  class space    used 5320K, committed 5760K, reserved 1048576K
}
Event: 350.086 GC heap before
{Heap before GC invocations=520 (full 435):
 PSYoungGen      total 33280K, used 20992K [0x00000000f5580000, 0x00000000fa000000, 0x0000000100000000)
  eden space 20992K, 100% used [0x00000000f5580000,0x00000000f6a00000,0x00000000f6a00000)
  from space 12288K, 0% used [0x00000000f8480000,0x00000000f8480000,0x00000000f9080000)
  to   space 27136K, 0% used [0x00000000f6a00000,0x00000000f6a00000,0x00000000f8480000)
 ParOldGen       total 349696K, used 349695K [0x00000000e0000000, 0x00000000f5580000, 0x00000000f5580000)
  object space 349696K, 99% used [0x00000000e0000000,0x00000000f557ffa0,0x00000000f5580000)
 Metaspace       used 53806K, committed 54976K, reserved 1105920K
  class space    used 5320K, committed 5760K, reserved 1048576K
}
Event: 350.768 GC heap after
{Heap after GC invocations=520 (full 435):
 PSYoungGen      total 48128K, used 20991K [0x00000000f5580000, 0x00000000fa000000, 0x0000000100000000)
  eden space 20992K, 99% used [0x00000000f5580000,0x00000000f69ffd48,0x00000000f6a00000)
  from space 27136K, 0% used [0x00000000f6a00000,0x00000000f6a00000,0x00000000f8480000)
  to   space 12288K, 0% used [0x00000000f8480000,0x00000000f8480000,0x00000000f9080000)
 ParOldGen       total 349696K, used 349694K [0x00000000e0000000, 0x00000000f5580000, 0x00000000f5580000)
  object space 349696K, 99% used [0x00000000e0000000,0x00000000f557fbb0,0x00000000f5580000)
 Metaspace       used 53806K, committed 54976K, reserved 1105920K
  class space    used 5320K, committed 5760K, reserved 1048576K
}
Event: 350.768 GC heap before
{Heap before GC invocations=521 (full 436):
 PSYoungGen      total 48128K, used 20991K [0x00000000f5580000, 0x00000000fa000000, 0x0000000100000000)
  eden space 20992K, 99% used [0x00000000f5580000,0x00000000f69ffff0,0x00000000f6a00000)
  from space 27136K, 0% used [0x00000000f6a00000,0x00000000f6a00000,0x00000000f8480000)
  to   space 12288K, 0% used [0x00000000f8480000,0x00000000f8480000,0x00000000f9080000)
 ParOldGen       total 349696K, used 349695K [0x00000000e0000000, 0x00000000f5580000, 0x00000000f5580000)
  object space 349696K, 99% used [0x00000000e0000000,0x00000000f557ff30,0x00000000f5580000)
 Metaspace       used 53806K, committed 54976K, reserved 1105920K
  class space    used 5320K, committed 5760K, reserved 1048576K
}
Event: 351.418 GC heap after
{Heap after GC invocations=521 (full 436):
 PSYoungGen      total 33280K, used 20991K [0x00000000f5580000, 0x00000000fa000000, 0x0000000100000000)
  eden space 20992K, 99% used [0x00000000f5580000,0x00000000f69ffe68,0x00000000f6a00000)
  from space 12288K, 0% used [0x00000000f8480000,0x00000000f8480000,0x00000000f9080000)
  to   space 27136K, 0% used [0x00000000f6a00000,0x00000000f6a00000,0x00000000f8480000)
 ParOldGen       total 349696K, used 349695K [0x00000000e0000000, 0x00000000f5580000, 0x00000000f5580000)
  object space 349696K, 99% used [0x00000000e0000000,0x00000000f557fef8,0x00000000f5580000)
 Metaspace       used 53806K, committed 54976K, reserved 1105920K
  class space    used 5320K, committed 5760K, reserved 1048576K
}
Event: 351.418 GC heap before
{Heap before GC invocations=522 (full 437):
 PSYoungGen      total 33280K, used 20991K [0x00000000f5580000, 0x00000000fa000000, 0x0000000100000000)
  eden space 20992K, 99% used [0x00000000f5580000,0x00000000f69ffe68,0x00000000f6a00000)
  from space 12288K, 0% used [0x00000000f8480000,0x00000000f8480000,0x00000000f9080000)
  to   space 27136K, 0% used [0x00000000f6a00000,0x00000000f6a00000,0x00000000f8480000)
 ParOldGen       total 349696K, used 349695K [0x00000000e0000000, 0x00000000f5580000, 0x00000000f5580000)
  object space 349696K, 99% used [0x00000000e0000000,0x00000000f557fef8,0x00000000f5580000)
 Metaspace       used 53806K, committed 54976K, reserved 1105920K
  class space    used 5320K, committed 5760K, reserved 1048576K
}
Event: 352.072 GC heap after
{Heap after GC invocations=522 (full 437):
 PSYoungGen      total 48128K, used 20991K [0x00000000f5580000, 0x00000000fa000000, 0x0000000100000000)
  eden space 20992K, 99% used [0x00000000f5580000,0x00000000f69ffe68,0x00000000f6a00000)
  from space 27136K, 0% used [0x00000000f6a00000,0x00000000f6a00000,0x00000000f8480000)
  to   space 12288K, 0% used [0x00000000f8480000,0x00000000f8480000,0x00000000f9080000)
 ParOldGen       total 349696K, used 349695K [0x00000000e0000000, 0x00000000f5580000, 0x00000000f5580000)
  object space 349696K, 99% used [0x00000000e0000000,0x00000000f557fef8,0x00000000f5580000)
 Metaspace       used 53806K, committed 54976K, reserved 1105920K
  class space    used 5320K, committed 5760K, reserved 1048576K
}
Event: 352.072 GC heap before
{Heap before GC invocations=523 (full 438):
 PSYoungGen      total 48128K, used 20991K [0x00000000f5580000, 0x00000000fa000000, 0x0000000100000000)
  eden space 20992K, 99% used [0x00000000f5580000,0x00000000f69ffff8,0x00000000f6a00000)
  from space 27136K, 0% used [0x00000000f6a00000,0x00000000f6a00000,0x00000000f8480000)
  to   space 12288K, 0% used [0x00000000f8480000,0x00000000f8480000,0x00000000f9080000)
 ParOldGen       total 349696K, used 349695K [0x00000000e0000000, 0x00000000f5580000, 0x00000000f5580000)
  object space 349696K, 99% used [0x00000000e0000000,0x00000000f557ffa8,0x00000000f5580000)
 Metaspace       used 53806K, committed 54976K, reserved 1105920K
  class space    used 5320K, committed 5760K, reserved 1048576K
}
Event: 352.682 GC heap after
{Heap after GC invocations=523 (full 438):
 PSYoungGen      total 33280K, used 20991K [0x00000000f5580000, 0x00000000fa000000, 0x0000000100000000)
  eden space 20992K, 99% used [0x00000000f5580000,0x00000000f69fff60,0x00000000f6a00000)
  from space 12288K, 0% used [0x00000000f8480000,0x00000000f8480000,0x00000000f9080000)
  to   space 27136K, 0% used [0x00000000f6a00000,0x00000000f6a00000,0x00000000f8480000)
 ParOldGen       total 349696K, used 349692K [0x00000000e0000000, 0x00000000f5580000, 0x00000000f5580000)
  object space 349696K, 99% used [0x00000000e0000000,0x00000000f557f010,0x00000000f5580000)
 Metaspace       used 53806K, committed 54976K, reserved 1105920K
  class space    used 5320K, committed 5760K, reserved 1048576K
}

