# JRE version: OpenJDK Runtime Environment GraalVM CE 22.3.0 (17.0.5+8) (build 17.0.5+8-jvmci-22.3-b08)
# Java VM: OpenJDK 64-Bit Server VM GraalVM CE 22.3.0 (17.0.5+8-jvmci-22.3-b08, mixed mode, sharing, tiered, jvmci, jvmci compiler, compressed oops, compressed class ptrs, parallel gc, linux-amd64)
GC Precious Log:
 CPUs: 16 total, 2 available
 Memory: 3215M
 Large Page Support: Disabled
 NUMA Support: Disabled
 Compressed Oops: Enabled (32-bit)
 Alignments: Space 512K, Generation 512K, Heap 2M
 Heap Min Capacity: 100M
 Heap Initial Capacity: 100M
 Heap Max Capacity: 512M
 Pre-touch: Disabled
 Parallel Workers: 2
Heap:
 PSYoungGen      total 20992K, used 9728K [0x00000000f5580000, 0x00000000f7580000, 0x0000000100000000)
  eden space 9728K, 100% used [0x00000000f5580000,0x00000000f5f00000,0x00000000f5f00000)
  from space 11264K, 0% used [0x00000000f5f00000,0x00000000f5f00000,0x00000000f6a00000)
  to   space 4608K, 0% used [0x00000000f6a00000,0x00000000f6a00000,0x00000000f6e80000)
 ParOldGen       total 349696K, used 349695K [0x00000000e0000000, 0x00000000f5580000, 0x00000000f5580000)
  object space 349696K, 99% used [0x00000000e0000000,0x00000000f557fd28,0x00000000f5580000)
 Metaspace       used 58145K, committed 59008K, reserved 1105920K
  class space    used 5768K, committed 6208K, reserved 1048576K
GC Heap History (20 events):
Event: 603.181 GC heap before
{Heap before GC invocations=949 (full 845):
 PSYoungGen      total 20992K, used 9728K [0x00000000f5580000, 0x00000000f7580000, 0x0000000100000000)
  eden space 9728K, 100% used [0x00000000f5580000,0x00000000f5f00000,0x00000000f5f00000)
  from space 11264K, 0% used [0x00000000f5f00000,0x00000000f5f00000,0x00000000f6a00000)
  to   space 4608K, 0% used [0x00000000f6a00000,0x00000000f6a00000,0x00000000f6e80000)
 ParOldGen       total 349696K, used 349695K [0x00000000e0000000, 0x00000000f5580000, 0x00000000f5580000)
  object space 349696K, 99% used [0x00000000e0000000,0x00000000f557fcd8,0x00000000f5580000)
 Metaspace       used 58145K, committed 59008K, reserved 1105920K
  class space    used 5768K, committed 6208K, reserved 1048576K
}
Event: 603.791 GC heap after
{Heap after GC invocations=949 (full 845):
 PSYoungGen      total 14336K, used 9727K [0x00000000f5580000, 0x00000000f7580000, 0x0000000100000000)
  eden space 9728K, 99% used [0x00000000f5580000,0x00000000f5efffd8,0x00000000f5f00000)
  from space 4608K, 0% used [0x00000000f6a00000,0x00000000f6a00000,0x00000000f6e80000)
  to   space 11264K, 0% used [0x00000000f5f00000,0x00000000f5f00000,0x00000000f6a00000)
 ParOldGen       total 349696K, used 349693K [0x00000000e0000000, 0x00000000f5580000, 0x00000000f5580000)
  object space 349696K, 99% used [0x00000000e0000000,0x00000000f557f4f0,0x00000000f5580000)
 Metaspace       used 58145K, committed 59008K, reserved 1105920K
  class space    used 5768K, committed 6208K, reserved 1048576K
}
Event: 603.791 GC heap before
{Heap before GC invocations=950 (full 846):
 PSYoungGen      total 14336K, used 9728K [0x00000000f5580000, 0x00000000f7580000, 0x0000000100000000)
  eden space 9728K, 100% used [0x00000000f5580000,0x00000000f5f00000,0x00000000f5f00000)
  from space 4608K, 0% used [0x00000000f6a00000,0x00000000f6a00000,0x00000000f6e80000)
  to   space 11264K, 0% used [0x00000000f5f00000,0x00000000f5f00000,0x00000000f6a00000)
 ParOldGen       total 349696K, used 349695K [0x00000000e0000000, 0x00000000f5580000, 0x00000000f5580000)
  object space 349696K, 99% used [0x00000000e0000000,0x00000000f557ffb8,0x00000000f5580000)
 Metaspace       used 58145K, committed 59008K, reserved 1105920K
  class space    used 5768K, committed 6208K, reserved 1048576K
}
Event: 604.353 GC heap after
{Heap after GC invocations=950 (full 846):
 PSYoungGen      total 20992K, used 9727K [0x00000000f5580000, 0x00000000f7580000, 0x0000000100000000)
  eden space 9728K, 99% used [0x00000000f5580000,0x00000000f5efffe8,0x00000000f5f00000)
  from space 11264K, 0% used [0x00000000f5f00000,0x00000000f5f00000,0x00000000f6a00000)
  to   space 4608K, 0% used [0x00000000f6a00000,0x00000000f6a00000,0x00000000f6e80000)
 ParOldGen       total 349696K, used 349694K [0x00000000e0000000, 0x00000000f5580000, 0x00000000f5580000)
  object space 349696K, 99% used [0x00000000e0000000,0x00000000f557fab8,0x00000000f5580000)
 Metaspace       used 58145K, committed 59008K, reserved 1105920K
  class space    used 5768K, committed 6208K, reserved 1048576K
}
Event: 604.356 GC heap before
{Heap before GC invocations=951 (full 847):
 PSYoungGen      total 20992K, used 9727K [0x00000000f5580000, 0x00000000f7580000, 0x0000000100000000)
  eden space 9728K, 99% used [0x00000000f5580000,0x00000000f5effff8,0x00000000f5f00000)
  from space 11264K, 0% used [0x00000000f5f00000,0x00000000f5f00000,0x00000000f6a00000)
  to   space 4608K, 0% used [0x00000000f6a00000,0x00000000f6a00000,0x00000000f6e80000)
 ParOldGen       total 349696K, used 349694K [0x00000000e0000000, 0x00000000f5580000, 0x00000000f5580000)
  object space 349696K, 99% used [0x00000000e0000000,0x00000000f557fab8,0x00000000f5580000)
 Metaspace       used 58145K, committed 59008K, reserved 1105920K
  class space    used 5768K, committed 6208K, reserved 1048576K
}
Event: 605.003 GC heap after
{Heap after GC invocations=951 (full 847):
 PSYoungGen      total 14336K, used 9727K [0x00000000f5580000, 0x00000000f7580000, 0x0000000100000000)
  eden space 9728K, 99% used [0x00000000f5580000,0x00000000f5efffe8,0x00000000f5f00000)
  from space 4608K, 0% used [0x00000000f6a00000,0x00000000f6a00000,0x00000000f6e80000)
  to   space 11264K, 0% used [0x00000000f5f00000,0x00000000f5f00000,0x00000000f6a00000)
 ParOldGen       total 349696K, used 349694K [0x00000000e0000000, 0x00000000f5580000, 0x00000000f5580000)
  object space 349696K, 99% used [0x00000000e0000000,0x00000000f557fa98,0x00000000f5580000)
 Metaspace       used 58145K, committed 59008K, reserved 1105920K
  class space    used 5768K, committed 6208K, reserved 1048576K
}
Event: 605.003 GC heap before
{Heap before GC invocations=952 (full 848):
 PSYoungGen      total 14336K, used 9727K [0x00000000f5580000, 0x00000000f7580000, 0x0000000100000000)
  eden space 9728K, 99% used [0x00000000f5580000,0x00000000f5effff8,0x00000000f5f00000)
  from space 4608K, 0% used [0x00000000f6a00000,0x00000000f6a00000,0x00000000f6e80000)
  to   space 11264K, 0% used [0x00000000f5f00000,0x00000000f5f00000,0x00000000f6a00000)
 ParOldGen       total 349696K, used 349694K [0x00000000e0000000, 0x00000000f5580000, 0x00000000f5580000)
  object space 349696K, 99% used [0x00000000e0000000,0x00000000f557fa98,0x00000000f5580000)
 Metaspace       used 58145K, committed 59008K, reserved 1105920K
  class space    used 5768K, committed 6208K, reserved 1048576K
}
Event: 605.677 GC heap after
{Heap after GC invocations=952 (full 848):
 PSYoungGen      total 20992K, used 9727K [0x00000000f5580000, 0x00000000f7580000, 0x0000000100000000)
  eden space 9728K, 99% used [0x00000000f5580000,0x00000000f5efffe8,0x00000000f5f00000)
  from space 11264K, 0% used [0x00000000f5f00000,0x00000000f5f00000,0x00000000f6a00000)
  to   space 4608K, 0% used [0x00000000f6a00000,0x00000000f6a00000,0x00000000f6e80000)
 ParOldGen       total 349696K, used 349694K [0x00000000e0000000, 0x00000000f5580000, 0x00000000f5580000)
  object space 349696K, 99% used [0x00000000e0000000,0x00000000f557fa98,0x00000000f5580000)
 Metaspace       used 58145K, committed 59008K, reserved 1105920K
  class space    used 5768K, committed 6208K, reserved 1048576K
}
Event: 605.678 GC heap before
{Heap before GC invocations=953 (full 849):
 PSYoungGen      total 20992K, used 9727K [0x00000000f5580000, 0x00000000f7580000, 0x0000000100000000)
  eden space 9728K, 99% used [0x00000000f5580000,0x00000000f5effff8,0x00000000f5f00000)
  from space 11264K, 0% used [0x00000000f5f00000,0x00000000f5f00000,0x00000000f6a00000)
  to   space 4608K, 0% used [0x00000000f6a00000,0x00000000f6a00000,0x00000000f6e80000)
 ParOldGen       total 349696K, used 349694K [0x00000000e0000000, 0x00000000f5580000, 0x00000000f5580000)
  object space 349696K, 99% used [0x00000000e0000000,0x00000000f557fa98,0x00000000f5580000)
 Metaspace       used 58145K, committed 59008K, reserved 1105920K
  class space    used 5768K, committed 6208K, reserved 1048576K
}
Event: 606.232 GC heap after
{Heap after GC invocations=953 (full 849):
 PSYoungGen      total 14336K, used 9727K [0x00000000f5580000, 0x00000000f7580000, 0x0000000100000000)
  eden space 9728K, 99% used [0x00000000f5580000,0x00000000f5efffe8,0x00000000f5f00000)
  from space 4608K, 0% used [0x00000000f6a00000,0x00000000f6a00000,0x00000000f6e80000)
  to   space 11264K, 0% used [0x00000000f5f00000,0x00000000f5f00000,0x00000000f6a00000)
 ParOldGen       total 349696K, used 349694K [0x00000000e0000000, 0x00000000f5580000, 0x00000000f5580000)
  object space 349696K, 99% used [0x00000000e0000000,0x00000000f557fa98,0x00000000f5580000)
 Metaspace       used 58145K, committed 59008K, reserved 1105920K
  class space    used 5768K, committed 6208K, reserved 1048576K
}
Event: 606.232 GC heap before
{Heap before GC invocations=954 (full 850):
 PSYoungGen      total 14336K, used 9727K [0x00000000f5580000, 0x00000000f7580000, 0x0000000100000000)
  eden space 9728K, 99% used [0x00000000f5580000,0x00000000f5effff8,0x00000000f5f00000)
  from space 4608K, 0% used [0x00000000f6a00000,0x00000000f6a00000,0x00000000f6e80000)
  to   space 11264K, 0% used [0x00000000f5f00000,0x00000000f5f00000,0x00000000f6a00000)
 ParOldGen       total 349696K, used 349694K [0x00000000e0000000, 0x00000000f5580000, 0x00000000f5580000)
  object space 349696K, 99% used [0x00000000e0000000,0x00000000f557fa98,0x00000000f5580000)
 Metaspace       used 58145K, committed 59008K, reserved 1105920K
  class space    used 5768K, committed 6208K, reserved 1048576K
}
Event: 606.813 GC heap after
{Heap after GC invocations=954 (full 850):
 PSYoungGen      total 20992K, used 9727K [0x00000000f5580000, 0x00000000f7580000, 0x0000000100000000)
  eden space 9728K, 99% used [0x00000000f5580000,0x00000000f5efffe8,0x00000000f5f00000)
  from space 11264K, 0% used [0x00000000f5f00000,0x00000000f5f00000,0x00000000f6a00000)
  to   space 4608K, 0% used [0x00000000f6a00000,0x00000000f6a00000,0x00000000f6e80000)
 ParOldGen       total 349696K, used 349694K [0x00000000e0000000, 0x00000000f5580000, 0x00000000f5580000)
  object space 349696K, 99% used [0x00000000e0000000,0x00000000f557fa98,0x00000000f5580000)
 Metaspace       used 58145K, committed 59008K, reserved 1105920K
  class space    used 5768K, committed 6208K, reserved 1048576K
}
Event: 606.814 GC heap before
{Heap before GC invocations=955 (full 851):
 PSYoungGen      total 20992K, used 9728K [0x00000000f5580000, 0x00000000f7580000, 0x0000000100000000)
  eden space 9728K, 100% used [0x00000000f5580000,0x00000000f5f00000,0x00000000f5f00000)
  from space 11264K, 0% used [0x00000000f5f00000,0x00000000f5f00000,0x00000000f6a00000)
  to   space 4608K, 0% used [0x00000000f6a00000,0x00000000f6a00000,0x00000000f6e80000)
 ParOldGen       total 349696K, used 349694K [0x00000000e0000000, 0x00000000f5580000, 0x00000000f5580000)
  object space 349696K, 99% used [0x00000000e0000000,0x00000000f557fa98,0x00000000f5580000)
 Metaspace       used 58145K, committed 59008K, reserved 1105920K
  class space    used 5768K, committed 6208K, reserved 1048576K
}
Event: 607.525 GC heap after
{Heap after GC invocations=955 (full 851):
 PSYoungGen      total 14336K, used 9728K [0x00000000f5580000, 0x00000000f7580000, 0x0000000100000000)
  eden space 9728K, 100% used [0x00000000f5580000,0x00000000f5f00000,0x00000000f5f00000)
  from space 4608K, 0% used [0x00000000f6a00000,0x00000000f6a00000,0x00000000f6e80000)
  to   space 11264K, 0% used [0x00000000f5f00000,0x00000000f5f00000,0x00000000f6a00000)
 ParOldGen       total 349696K, used 349694K [0x00000000e0000000, 0x00000000f5580000, 0x00000000f5580000)
  object space 349696K, 99% used [0x00000000e0000000,0x00000000f557fa98,0x00000000f5580000)
 Metaspace       used 58145K, committed 59008K, reserved 1105920K
  class space    used 5768K, committed 6208K, reserved 1048576K
}
Event: 607.525 GC heap before
{Heap before GC invocations=956 (full 852):
 PSYoungGen      total 14336K, used 9728K [0x00000000f5580000, 0x00000000f7580000, 0x0000000100000000)
  eden space 9728K, 100% used [0x00000000f5580000,0x00000000f5f00000,0x00000000f5f00000)
  from space 4608K, 0% used [0x00000000f6a00000,0x00000000f6a00000,0x00000000f6e80000)
  to   space 11264K, 0% used [0x00000000f5f00000,0x00000000f5f00000,0x00000000f6a00000)
 ParOldGen       total 349696K, used 349696K [0x00000000e0000000, 0x00000000f5580000, 0x00000000f5580000)
  object space 349696K, 100% used [0x00000000e0000000,0x00000000f5580000,0x00000000f5580000)
 Metaspace       used 58145K, committed 59008K, reserved 1105920K
  class space    used 5768K, committed 6208K, reserved 1048576K
}
Event: 608.120 GC heap after
{Heap after GC invocations=956 (full 852):
 PSYoungGen      total 20992K, used 9728K [0x00000000f5580000, 0x00000000f7580000, 0x0000000100000000)
  eden space 9728K, 100% used [0x00000000f5580000,0x00000000f5f00000,0x00000000f5f00000)
  from space 11264K, 0% used [0x00000000f5f00000,0x00000000f5f00000,0x00000000f6a00000)
  to   space 4608K, 0% used [0x00000000f6a00000,0x00000000f6a00000,0x00000000f6e80000)
 ParOldGen       total 349696K, used 349695K [0x00000000e0000000, 0x00000000f5580000, 0x00000000f5580000)
  object space 349696K, 99% used [0x00000000e0000000,0x00000000f557fd60,0x00000000f5580000)
 Metaspace       used 58145K, committed 59008K, reserved 1105920K
  class space    used 5768K, committed 6208K, reserved 1048576K
}
Event: 608.121 GC heap before
{Heap before GC invocations=957 (full 853):
 PSYoungGen      total 20992K, used 9728K [0x00000000f5580000, 0x00000000f7580000, 0x0000000100000000)
  eden space 9728K, 100% used [0x00000000f5580000,0x00000000f5f00000,0x00000000f5f00000)
  from space 11264K, 0% used [0x00000000f5f00000,0x00000000f5f00000,0x00000000f6a00000)
  to   space 4608K, 0% used [0x00000000f6a00000,0x00000000f6a00000,0x00000000f6e80000)
 ParOldGen       total 349696K, used 349695K [0x00000000e0000000, 0x00000000f5580000, 0x00000000f5580000)
  object space 349696K, 99% used [0x00000000e0000000,0x00000000f557fea0,0x00000000f5580000)
 Metaspace       used 58145K, committed 59008K, reserved 1105920K
  class space    used 5768K, committed 6208K, reserved 1048576K
}
Event: 608.734 GC heap after
{Heap after GC invocations=957 (full 853):
 PSYoungGen      total 14336K, used 9728K [0x00000000f5580000, 0x00000000f7580000, 0x0000000100000000)
  eden space 9728K, 100% used [0x00000000f5580000,0x00000000f5f00000,0x00000000f5f00000)
  from space 4608K, 0% used [0x00000000f6a00000,0x00000000f6a00000,0x00000000f6e80000)
  to   space 11264K, 0% used [0x00000000f5f00000,0x00000000f5f00000,0x00000000f6a00000)
 ParOldGen       total 349696K, used 349695K [0x00000000e0000000, 0x00000000f5580000, 0x00000000f5580000)
  object space 349696K, 99% used [0x00000000e0000000,0x00000000f557fd40,0x00000000f5580000)
 Metaspace       used 58145K, committed 59008K, reserved 1105920K
  class space    used 5768K, committed 6208K, reserved 1048576K
}
Event: 608.734 GC heap before
{Heap before GC invocations=958 (full 854):
 PSYoungGen      total 14336K, used 9728K [0x00000000f5580000, 0x00000000f7580000, 0x0000000100000000)
  eden space 9728K, 100% used [0x00000000f5580000,0x00000000f5f00000,0x00000000f5f00000)
  from space 4608K, 0% used [0x00000000f6a00000,0x00000000f6a00000,0x00000000f6e80000)
  to   space 11264K, 0% used [0x00000000f5f00000,0x00000000f5f00000,0x00000000f6a00000)
 ParOldGen       total 349696K, used 349695K [0x00000000e0000000, 0x00000000f5580000, 0x00000000f5580000)
  object space 349696K, 99% used [0x00000000e0000000,0x00000000f557fd40,0x00000000f5580000)
 Metaspace       used 58145K, committed 59008K, reserved 1105920K
  class space    used 5768K, committed 6208K, reserved 1048576K
}
Event: 609.379 GC heap after
{Heap after GC invocations=958 (full 854):
 PSYoungGen      total 20992K, used 9728K [0x00000000f5580000, 0x00000000f7580000, 0x0000000100000000)
  eden space 9728K, 100% used [0x00000000f5580000,0x00000000f5f00000,0x00000000f5f00000)
  from space 11264K, 0% used [0x00000000f5f00000,0x00000000f5f00000,0x00000000f6a00000)
  to   space 4608K, 0% used [0x00000000f6a00000,0x00000000f6a00000,0x00000000f6e80000)
 ParOldGen       total 349696K, used 349695K [0x00000000e0000000, 0x00000000f5580000, 0x00000000f5580000)
  object space 349696K, 99% used [0x00000000e0000000,0x00000000f557fce8,0x00000000f5580000)
 Metaspace       used 58145K, committed 59008K, reserved 1105920K
  class space    used 5768K, committed 6208K, reserved 1048576K
}

